# JRE version: OpenJDK Runtime Environment (8.0_242-b01) (build 1.8.0_242-release-1644-b01)
# Java VM: OpenJDK 64-Bit Server VM (25.242-b01 mixed mode windows-amd64 compressed oops)
Heap:
 PSYoungGen      total 150528K, used 54514K [0x00000000e0000000, 0x00000000ea300000, 0x0000000100000000)
  eden space 134144K, 40% used [0x00000000e0000000,0x00000000e353c830,0x00000000e8300000)
  from space 16384K, 0% used [0x00000000e9280000,0x00000000e9280000,0x00000000ea280000)
  to   space 15872K, 0% used [0x00000000e8300000,0x00000000e8300000,0x00000000e9280000)
 ParOldGen       total 147456K, used 40464K [0x00000000a0000000, 0x00000000a9000000, 0x00000000e0000000)
  object space 147456K, 27% used [0x00000000a0000000,0x00000000a27840c8,0x00000000a9000000)
 Metaspace       used 58902K, capacity 61338K, committed 61352K, reserved 1101824K
  class space    used 7980K, capacity 8612K, committed 8616K, reserved 1048576K
GC Heap History (10 events):
Event: 8.310 GC heap before
{Heap before GC invocations=15 (full 2):
 PSYoungGen      total 101888K, used 91835K [0x00000000e0000000, 0x00000000e7000000, 0x0000000100000000)
  eden space 92160K, 99% used [0x00000000e0000000,0x00000000e59aef10,0x00000000e5a00000)
  from space 9728K, 0% used [0x00000000e6400000,0x00000000e6400000,0x00000000e6d80000)
  to   space 10240K, 0% used [0x00000000e5a00000,0x00000000e5a00000,0x00000000e6400000)
 ParOldGen       total 91136K, used 18054K [0x00000000a0000000, 0x00000000a5900000, 0x00000000e0000000)
  object space 91136K, 19% used [0x00000000a0000000,0x00000000a11a1bc8,0x00000000a5900000)
 Metaspace       used 44118K, capacity 45230K, committed 45480K, reserved 1089536K
  class space    used 5905K, capacity 6209K, committed 6312K, reserved 1048576K
Event: 8.322 GC heap after
Heap after GC invocations=15 (full 2):
 PSYoungGen      total 102400K, used 10230K [0x00000000e0000000, 0x00000000e8680000, 0x0000000100000000)
  eden space 92160K, 0% used [0x00000000e0000000,0x00000000e0000000,0x00000000e5a00000)
  from space 10240K, 99% used [0x00000000e5a00000,0x00000000e63fdbf0,0x00000000e6400000)
  to   space 13312K, 0% used [0x00000000e7980000,0x00000000e7980000,0x00000000e8680000)
 ParOldGen       total 91136K, used 21900K [0x00000000a0000000, 0x00000000a5900000, 0x00000000e0000000)
  object space 91136K, 24% used [0x00000000a0000000,0x00000000a1563018,0x00000000a5900000)
 Metaspace       used 44118K, capacity 45230K, committed 45480K, reserved 1089536K
  class space    used 5905K, capacity 6209K, committed 6312K, reserved 1048576K
}
Event: 9.316 GC heap before
{Heap before GC invocations=16 (full 2):
 PSYoungGen      total 102400K, used 102390K [0x00000000e0000000, 0x00000000e8680000, 0x0000000100000000)
  eden space 92160K, 100% used [0x00000000e0000000,0x00000000e5a00000,0x00000000e5a00000)
  from space 10240K, 99% used [0x00000000e5a00000,0x00000000e63fdbf0,0x00000000e6400000)
  to   space 13312K, 0% used [0x00000000e7980000,0x00000000e7980000,0x00000000e8680000)
 ParOldGen       total 91136K, used 21900K [0x00000000a0000000, 0x00000000a5900000, 0x00000000e0000000)
  object space 91136K, 24% used [0x00000000a0000000,0x00000000a1563018,0x00000000a5900000)
 Metaspace       used 46967K, capacity 48260K, committed 48424K, reserved 1091584K
  class space    used 6287K, capacity 6675K, committed 6696K, reserved 1048576K
Event: 9.329 GC heap after
Heap after GC invocations=16 (full 2):
 PSYoungGen      total 124416K, used 8123K [0x00000000e0000000, 0x00000000e8680000, 0x0000000100000000)
  eden space 111104K, 0% used [0x00000000e0000000,0x00000000e0000000,0x00000000e6c80000)
  from space 13312K, 61% used [0x00000000e7980000,0x00000000e816eed8,0x00000000e8680000)
  to   space 13312K, 0% used [0x00000000e6c80000,0x00000000e6c80000,0x00000000e7980000)
 ParOldGen       total 91136K, used 27147K [0x00000000a0000000, 0x00000000a5900000, 0x00000000e0000000)
  object space 91136K, 29% used [0x00000000a0000000,0x00000000a1a82df0,0x00000000a5900000)
 Metaspace       used 46967K, capacity 48260K, committed 48424K, reserved 1091584K
  class space    used 6287K, capacity 6675K, committed 6696K, reserved 1048576K
}
Event: 10.570 GC heap before
{Heap before GC invocations=17 (full 2):
 PSYoungGen      total 124416K, used 119227K [0x00000000e0000000, 0x00000000e8680000, 0x0000000100000000)
  eden space 111104K, 100% used [0x00000000e0000000,0x00000000e6c80000,0x00000000e6c80000)
  from space 13312K, 61% used [0x00000000e7980000,0x00000000e816eed8,0x00000000e8680000)
  to   space 13312K, 0% used [0x00000000e6c80000,0x00000000e6c80000,0x00000000e7980000)
 ParOldGen       total 91136K, used 27147K [0x00000000a0000000, 0x00000000a5900000, 0x00000000e0000000)
  object space 91136K, 29% used [0x00000000a0000000,0x00000000a1a82df0,0x00000000a5900000)
 Metaspace       used 54282K, capacity 56088K, committed 56232K, reserved 1097728K
  class space    used 7361K, capacity 7836K, committed 7848K, reserved 1048576K
Event: 10.586 GC heap after
Heap after GC invocations=17 (full 2):
 PSYoungGen      total 124416K, used 13283K [0x00000000e0000000, 0x00000000ea280000, 0x0000000100000000)
  eden space 111104K, 0% used [0x00000000e0000000,0x00000000e0000000,0x00000000e6c80000)
  from space 13312K, 99% used [0x00000000e6c80000,0x00000000e7978da8,0x00000000e7980000)
  to   space 16384K, 0% used [0x00000000e9280000,0x00000000e9280000,0x00000000ea280000)
 ParOldGen       total 91136K, used 31605K [0x00000000a0000000, 0x00000000a5900000, 0x00000000e0000000)
  object space 91136K, 34% used [0x00000000a0000000,0x00000000a1edd5b0,0x00000000a5900000)
 Metaspace       used 54282K, capacity 56088K, committed 56232K, reserved 1097728K
  class space    used 7361K, capacity 7836K, committed 7848K, reserved 1048576K
}
Event: 11.527 GC heap before
{Heap before GC invocations=18 (full 2):
 PSYoungGen      total 124416K, used 80001K [0x00000000e0000000, 0x00000000ea280000, 0x0000000100000000)
  eden space 111104K, 60% used [0x00000000e0000000,0x00000000e41278e8,0x00000000e6c80000)
  from space 13312K, 99% used [0x00000000e6c80000,0x00000000e7978da8,0x00000000e7980000)
  to   space 16384K, 0% used [0x00000000e9280000,0x00000000e9280000,0x00000000ea280000)
 ParOldGen       total 91136K, used 31605K [0x00000000a0000000, 0x00000000a5900000, 0x00000000e0000000)
  object space 91136K, 34% used [0x00000000a0000000,0x00000000a1edd5b0,0x00000000a5900000)
 Metaspace       used 57052K, capacity 59050K, committed 59160K, reserved 1099776K
  class space    used 7751K, capacity 8292K, committed 8360K, reserved 1048576K
Event: 11.547 GC heap after
Heap after GC invocations=18 (full 2):
 PSYoungGen      total 150528K, used 6582K [0x00000000e0000000, 0x00000000ea300000, 0x0000000100000000)
  eden space 134144K, 0% used [0x00000000e0000000,0x00000000e0000000,0x00000000e8300000)
  from space 16384K, 40% used [0x00000000e9280000,0x00000000e98ed830,0x00000000ea280000)
  to   space 15872K, 0% used [0x00000000e8300000,0x00000000e8300000,0x00000000e9280000)
 ParOldGen       total 91136K, used 43474K [0x00000000a0000000, 0x00000000a5900000, 0x00000000e0000000)
  object space 91136K, 47% used [0x00000000a0000000,0x00000000a2a74878,0x00000000a5900000)
 Metaspace       used 57052K, capacity 59050K, committed 59160K, reserved 1099776K
  class space    used 7751K, capacity 8292K, committed 8360K, reserved 1048576K
}
Event: 11.547 GC heap before
{Heap before GC invocations=19 (full 3):
 PSYoungGen      total 150528K, used 6582K [0x00000000e0000000, 0x00000000ea300000, 0x0000000100000000)
  eden space 134144K, 0% used [0x00000000e0000000,0x00000000e0000000,0x00000000e8300000)
  from space 16384K, 40% used [0x00000000e9280000,0x00000000e98ed830,0x00000000ea280000)
  to   space 15872K, 0% used [0x00000000e8300000,0x00000000e8300000,0x00000000e9280000)
 ParOldGen       total 91136K, used 43474K [0x00000000a0000000, 0x00000000a5900000, 0x00000000e0000000)
  object space 91136K, 47% used [0x00000000a0000000,0x00000000a2a74878,0x00000000a5900000)
 Metaspace       used 57052K, capacity 59050K, committed 59160K, reserved 1099776K
  class space    used 7751K, capacity 8292K, committed 8360K, reserved 1048576K
Event: 11.806 GC heap after
Heap after GC invocations=19 (full 3):
 PSYoungGen      total 150528K, used 0K [0x00000000e0000000, 0x00000000ea300000, 0x0000000100000000)
  eden space 134144K, 0% used [0x00000000e0000000,0x00000000e0000000,0x00000000e8300000)
  from space 16384K, 0% used [0x00000000e9280000,0x00000000e9280000,0x00000000ea280000)
  to   space 15872K, 0% used [0x00000000e8300000,0x00000000e8300000,0x00000000e9280000)
 ParOldGen       total 147456K, used 40464K [0x00000000a0000000, 0x00000000a9000000, 0x00000000e0000000)
  object space 147456K, 27% used [0x00000000a0000000,0x00000000a27840c8,0x00000000a9000000)
 Metaspace       used 57052K, capacity 59050K, committed 59160K, reserved 1099776K
  class space    used 7751K, capacity 8292K, committed 8360K, reserved 1048576K
}

